<?xml version="1.0" encoding="UTF-8"?>
<!-- Generated by org.testng.reporters.JUnitXMLReporter -->
<testsuite ignored="2" hostname="MITHUN" failures="0" tests="3" name="Dash board" time="0.08" errors="0" timestamp="28 Apr 2020 15:29:39 GMT">
  <testcase classname="Baselearnpkg.dashboard" name="displaybashboard" time="0.01"/>
  <testcase classname="Baselearnpkg.dashboard" name="displayskip" time="0.003">
    <skipped/>
  </testcase> <!-- displayskip -->
  <testcase classname="Baselearnpkg.dashboard" name="serach" time="0.005"/>
  <testcase classname="Baselearnpkg.dashboard" name="title" time="0.0">
    <ignored/>
  </testcase> <!-- title -->
  <testcase classname="Baselearnpkg.dashboard" name="displaybashboard1" time="0.0">
    <ignored/>
  </testcase> <!-- displaybashboard1 -->
</testsuite> <!-- Dash board -->
