<?xml version="1.0" encoding="UTF-8"?>
<!-- Generated by org.testng.reporters.JUnitXMLReporter -->
<testsuite ignored="0" hostname="MITHUN" failures="2" tests="4" name="login" time="0.11" errors="0" timestamp="02 May 2020 16:00:04 GMT">
  <testcase classname="Baselearnpkg.readdata" name="Register" time="0.015"/>
  <testcase classname="Baselearnpkg.readdata" name="Register" time="0.001"/>
  <testcase classname="Baselearnpkg.readdata" name="login" time="0.018">
    <failure type="java.lang.AssertionError" message="null">
      <![CDATA[java.lang.AssertionError: null
at Baselearnpkg.readdata.login(readdata.java:16)
... Removed 27 stack frames]]>
    </failure>
  </testcase> <!-- login -->
  <testcase classname="Baselearnpkg.readdata" name="login" time="0.002">
    <failure type="java.lang.AssertionError" message="null">
      <![CDATA[java.lang.AssertionError: null
at Baselearnpkg.readdata.login(readdata.java:16)
... Removed 27 stack frames]]>
    </failure>
  </testcase> <!-- login -->
</testsuite> <!-- login -->
