<?xml version="1.0" encoding="UTF-8"?>
<!-- Generated by org.testng.reporters.JUnitXMLReporter -->
<testsuite ignored="0" hostname="MITHUN" failures="0" tests="4" name="login" time="0.112" errors="0" timestamp="01 May 2020 15:58:37 GMT">
  <testcase classname="Baselearnpkg.cdata" name="login" time="0.014"/>
  <testcase classname="Baselearnpkg.cdata" name="login" time="0.004"/>
  <testcase classname="Baselearnpkg.cdata" name="login" time="0.007"/>
  <testcase classname="Baselearnpkg.cdata" name="login" time="0.013"/>
</testsuite> <!-- login -->
