<?xml version="1.0" encoding="UTF-8"?>
<!-- Generated by org.testng.reporters.JUnitXMLReporter -->
<testsuite ignored="3" hostname="MITHUN" failures="0" tests="3" name="XMLPara" time="0.067" errors="0" timestamp="01 May 2020 14:51:58 GMT">
  <testcase classname="Baselearnpkg.Testparam" name="login" time="0.018"/>
  <testcase classname="Baselearnpkg.Testparam" name="login1" time="0.004"/>
  <testcase classname="Baselearnpkg.Tannotation" name="bowser" time="0.001"/>
  <testcase classname="Baselearnpkg.Tannotation" name="login" time="0.0">
    <ignored/>
  </testcase> <!-- login -->
  <testcase classname="Baselearnpkg.Tannotation" name="register1" time="0.0">
    <ignored/>
  </testcase> <!-- register1 -->
  <testcase classname="Baselearnpkg.Tannotation" name="register2" time="0.0">
    <ignored/>
  </testcase> <!-- register2 -->
</testsuite> <!-- XMLPara -->
