<?xml version="1.0" encoding="UTF-8"?>
<!-- Generated by org.testng.reporters.JUnitXMLReporter -->
<testsuite ignored="0" hostname="MITHUN" failures="1" tests="3" name="login function" time="0.202" errors="0" timestamp="28 Apr 2020 14:47:21 GMT">
  <testcase classname="Baselearnpkg.Tannotation" name="register1" time="0.012"/>
  <testcase classname="Baselearnpkg.Tannotation" name="register2" time="0.12">
    <failure type="org.testng.internal.thread.ThreadTimeoutException" message="Method Baselearnpkg.Tannotation.register2() didn&amp;apos;t finish within the time-out 100">
      <![CDATA[org.testng.internal.thread.ThreadTimeoutException: Method Baselearnpkg.Tannotation.register2() didn't finish within the time-out 100
at java.base@10.0.1/java.lang.ref.Reference.<init>(Unknown Source)
at java.base@10.0.1/java.lang.ref.WeakReference.<init>(Unknown Source)
at java.base@10.0.1/java.lang.invoke.MethodType$ConcurrentWeakInternSet$WeakEntry.<init>(Unknown Source)
at java.base@10.0.1/java.lang.invoke.MethodType$ConcurrentWeakInternSet.get(Unknown Source)
at java.base@10.0.1/java.lang.invoke.MethodType.makeImpl(Unknown Source)
at java.base@10.0.1/java.lang.invoke.MethodType.insertParameterTypes(Unknown Source)
at java.base@10.0.1/java.lang.invoke.VarHandle$AccessDescriptor.<init>(Unknown Source)
at java.base@10.0.1/java.lang.invoke.MethodHandleNatives.varHandleOperationLinkerMethod(Unknown Source)
at java.base@10.0.1/java.lang.invoke.MethodHandleNatives.linkMethodImpl(Unknown Source)
at java.base@10.0.1/java.lang.invoke.MethodHandleNatives.linkMethod(Unknown Source)
at java.base@10.0.1/java.util.concurrent.FutureTask.setException(Unknown Source)
at java.base@10.0.1/java.util.concurrent.FutureTask.run(Unknown Source)
at java.base@10.0.1/java.util.concurrent.ThreadPoolExecutor.runWorker(Unknown Source)
at java.base@10.0.1/java.util.concurrent.ThreadPoolExecutor$Worker.run(Unknown Source)
at java.base@10.0.1/java.lang.Thread.run(Unknown Source)
]]>
    </failure>
  </testcase> <!-- register2 -->
  <testcase classname="Baselearnpkg.Tannotation" name="login" time="0.0">
    <skipped/>
  </testcase> <!-- login -->
</testsuite> <!-- login function -->
