<?xml version="1.0" encoding="UTF-8"?>
<!-- Generated by org.testng.reporters.JUnitXMLReporter -->
<testsuite ignored="0" hostname="MITHUN" failures="2" tests="2" name="login function" time="0.222" errors="0" timestamp="01 May 2020 14:03:15 GMT">
  <testcase classname="Baselearnpkg.Tasset" name="Hardassert" time="0.08">
    <failure type="java.lang.AssertionError" message="expected [String] but found [st]">
      <![CDATA[java.lang.AssertionError: expected [String] but found [st]
at Baselearnpkg.Tasset.Hardassert(Tasset.java:31)
... Removed 31 stack frames]]>
    </failure>
  </testcase> <!-- Hardassert -->
  <testcase classname="Baselearnpkg.Tasset" name="assertfunc" time="0.038">
    <failure type="java.lang.AssertionError" message="The following asserts failed:
	expected [String] but found [st]">
      <![CDATA[java.lang.AssertionError: The following asserts failed:
expected [String] but found [st]
at Baselearnpkg.Tasset.assertfunc(Tasset.java:20)
... Removed 26 stack frames]]>
    </failure>
  </testcase> <!-- assertfunc -->
</testsuite> <!-- login function -->
