<?xml version="1.0" encoding="UTF-8"?>
<!-- Generated by org.testng.reporters.JUnitXMLReporter -->
<testsuite ignored="1" hostname="MITHUN" failures="2" tests="2" name="login(failed)(failed)" time="0.077" errors="0" timestamp="05 May 2020 14:30:50 GMT">
  <testcase classname="Baselearnpkg.readdata" name="login" time="0.019">
    <failure type="java.lang.AssertionError" message="null">
      <![CDATA[java.lang.AssertionError: null
at Baselearnpkg.readdata.login(readdata.java:16)
... Removed 27 stack frames]]>
    </failure>
  </testcase> <!-- login -->
  <testcase classname="Baselearnpkg.readdata" name="login" time="0.004">
    <failure type="java.lang.AssertionError" message="null">
      <![CDATA[java.lang.AssertionError: null
at Baselearnpkg.readdata.login(readdata.java:16)
... Removed 27 stack frames]]>
    </failure>
  </testcase> <!-- login -->
  <testcase classname="Baselearnpkg.readdata" name="Register" time="0.0">
    <ignored/>
  </testcase> <!-- Register -->
</testsuite> <!-- login(failed)(failed) -->
