<?xml version="1.0" encoding="UTF-8"?>
<testng-results ignored="0" total="4" passed="4" failed="0" skipped="0">
  <reporter-output>
  </reporter-output>
  <suite started-at="2020-05-01T15:58:37Z" name="Dataprovider" finished-at="2020-05-01T15:58:37Z" duration-ms="112">
    <groups>
    </groups>
    <test started-at="2020-05-01T15:58:37Z" name="login" finished-at="2020-05-01T15:58:37Z" duration-ms="112">
      <class name="Baselearnpkg.cdata">
        <test-method signature="login(java.lang.String, java.lang.String)[pri:0, instance:Baselearnpkg.cdata@192c3f1e]" started-at="2020-05-01T15:58:37Z" name="login" data-provider="getdata" finished-at="2020-05-01T15:58:37Z" duration-ms="14" status="PASS">
          <params>
            <param index="0">
              <value>
                <![CDATA[Test1]]>
              </value>
            </param>
            <param index="1">
              <value>
                <![CDATA[pass1]]>
              </value>
            </param>
          </params>
          <reporter-output>
          </reporter-output>
        </test-method> <!-- login -->
        <test-method signature="login(java.lang.String, java.lang.String)[pri:0, instance:Baselearnpkg.cdata@192c3f1e]" started-at="2020-05-01T15:58:37Z" name="login" data-provider="getdata" finished-at="2020-05-01T15:58:37Z" duration-ms="4" status="PASS">
          <params>
            <param index="0">
              <value>
                <![CDATA[Test2]]>
              </value>
            </param>
            <param index="1">
              <value>
                <![CDATA[pas2]]>
              </value>
            </param>
          </params>
          <reporter-output>
          </reporter-output>
        </test-method> <!-- login -->
        <test-method signature="login(java.lang.String, java.lang.String)[pri:0, instance:Baselearnpkg.cdata@192c3f1e]" started-at="2020-05-01T15:58:37Z" name="login" data-provider="getdata" finished-at="2020-05-01T15:58:37Z" duration-ms="7" status="PASS">
          <params>
            <param index="0">
              <value>
                <![CDATA[Test1]]>
              </value>
            </param>
            <param index="1">
              <value>
                <![CDATA[pass1]]>
              </value>
            </param>
          </params>
          <reporter-output>
          </reporter-output>
        </test-method> <!-- login -->
        <test-method signature="login(java.lang.String, java.lang.String)[pri:0, instance:Baselearnpkg.cdata@192c3f1e]" started-at="2020-05-01T15:58:37Z" name="login" data-provider="getdata" finished-at="2020-05-01T15:58:37Z" duration-ms="13" status="PASS">
          <params>
            <param index="0">
              <value>
                <![CDATA[Test2]]>
              </value>
            </param>
            <param index="1">
              <value>
                <![CDATA[pas2]]>
              </value>
            </param>
          </params>
          <reporter-output>
          </reporter-output>
        </test-method> <!-- login -->
      </class> <!-- Baselearnpkg.cdata -->
    </test> <!-- login -->
  </suite> <!-- Dataprovider -->
</testng-results>
