<?xml version="1.0" encoding="UTF-8"?>
<testng-results ignored="0" total="2" passed="2" failed="0" skipped="0">
  <reporter-output>
  </reporter-output>
  <suite started-at="2020-05-05T15:57:53Z" name="Default suite" finished-at="2020-05-05T15:58:02Z" duration-ms="9313">
    <groups>
    </groups>
    <test started-at="2020-05-05T15:57:53Z" name="Default test" finished-at="2020-05-05T15:58:02Z" duration-ms="9313">
      <class name="Baselearnpkg.Tparallel">
        <test-method signature="Browser(java.lang.String)[pri:0, instance:Baselearnpkg.Tparallel@5c90e579]" started-at="2020-05-05T15:57:53Z" name="Browser" data-provider="Testdata" finished-at="2020-05-05T15:57:59Z" duration-ms="6280" status="PASS">
          <params>
            <param index="0">
              <value>
                <![CDATA[IE]]>
              </value>
            </param>
          </params>
          <reporter-output>
          </reporter-output>
        </test-method> <!-- Browser -->
        <test-method signature="Browser(java.lang.String)[pri:0, instance:Baselearnpkg.Tparallel@5c90e579]" started-at="2020-05-05T15:57:53Z" name="Browser" data-provider="Testdata" finished-at="2020-05-05T15:58:02Z" duration-ms="9249" status="PASS">
          <params>
            <param index="0">
              <value>
                <![CDATA[chrome]]>
              </value>
            </param>
          </params>
          <reporter-output>
          </reporter-output>
        </test-method> <!-- Browser -->
      </class> <!-- Baselearnpkg.Tparallel -->
    </test> <!-- Default test -->
  </suite> <!-- Default suite -->
</testng-results>
