<?xml version="1.0" encoding="UTF-8"?>
<!-- Generated by org.testng.reporters.JUnitXMLReporter -->
<testsuite ignored="1" hostname="MITHUN" failures="1" tests="2" name="Methodcalling" time="0.175" errors="0" timestamp="29 Apr 2020 15:52:34 GMT">
  <testcase classname="Baselearnpkg.Tannotation" name="register1" time="0.006"/>
  <testcase classname="Baselearnpkg.Tannotation" name="register2" time="0.119">
    <failure type="org.testng.internal.thread.ThreadTimeoutException" message="Method Baselearnpkg.Tannotation.register2() didn&amp;apos;t finish within the time-out 100">
      <![CDATA[org.testng.internal.thread.ThreadTimeoutException: Method Baselearnpkg.Tannotation.register2() didn't finish within the time-out 100
at java.base@10.0.1/java.util.concurrent.ConcurrentHashMap.putVal(Unknown Source)
at java.base@10.0.1/java.util.concurrent.ConcurrentHashMap.putIfAbsent(Unknown Source)
at java.base@10.0.1/java.lang.invoke.MethodType$ConcurrentWeakInternSet.add(Unknown Source)
at java.base@10.0.1/java.lang.invoke.MethodType.makeImpl(Unknown Source)
at java.base@10.0.1/java.lang.invoke.MethodHandleNatives.findMethodHandleType(Unknown Source)
at java.base@10.0.1/java.util.concurrent.FutureTask.setException(Unknown Source)
at java.base@10.0.1/java.util.concurrent.FutureTask.run(Unknown Source)
at java.base@10.0.1/java.util.concurrent.ThreadPoolExecutor.runWorker(Unknown Source)
at java.base@10.0.1/java.util.concurrent.ThreadPoolExecutor$Worker.run(Unknown Source)
at java.base@10.0.1/java.lang.Thread.run(Unknown Source)
]]>
    </failure>
  </testcase> <!-- register2 -->
  <testcase classname="Baselearnpkg.Tannotation" name="login" time="0.0">
    <ignored/>
  </testcase> <!-- login -->
</testsuite> <!-- Methodcalling -->
